<?xml version="1.0" encoding="UTF-8"?>
<testng-results ignored="0" total="1" passed="1" failed="0" skipped="0">
  <reporter-output>
  </reporter-output>
  <suite started-at="2023-02-20T12:42:10 CST" name="Default suite" finished-at="2023-02-20T12:42:23 CST" duration-ms="12666">
    <groups>
    </groups>
    <test started-at="2023-02-20T12:42:10 CST" name="Default test" finished-at="2023-02-20T12:42:23 CST" duration-ms="12666">
      <class name="tests.ExamTest">
        <test-method signature="toggleCheckbox()[pri:0, instance:tests.ExamTest@6b8ca3c8]" started-at="2023-02-20T12:42:10 CST" name="toggleCheckbox" finished-at="2023-02-20T12:42:23 CST" duration-ms="12645" status="PASS">
          <reporter-output>
          </reporter-output>
        </test-method> <!-- toggleCheckbox -->
      </class> <!-- tests.ExamTest -->
    </test> <!-- Default test -->
  </suite> <!-- Default suite -->
</testng-results>
